[2013-05-03 13:54:17] request.ERROR: Uncaught PHP Exception Symfony\Component\HttpKernel\Exception\NotFoundHttpException: "No route found for "GET /bundles/framework/images/input_bg.gif"" at C:\xampp\htdocs\Symfony\vendor\symfony\symfony\src\Symfony\Component\HttpKernel\EventListener\RouterListener.php line 94 [] []
[2013-05-03 13:54:42] request.ERROR: Uncaught PHP Exception Symfony\Component\HttpKernel\Exception\NotFoundHttpException: "No route found for "GET /bundles/framework/images/input_bg.gif"" at C:\xampp\htdocs\Symfony\vendor\symfony\symfony\src\Symfony\Component\HttpKernel\EventListener\RouterListener.php line 94 [] []
[2013-05-06 22:19:20] request.ERROR: Uncaught PHP Exception Symfony\Component\HttpKernel\Exception\NotFoundHttpException: "No route found for "GET /bundles/framework/images/input_bg.gif"" at C:\xampp\htdocs\Symfony\app\cache\prod\classes.php line 3597 [] []
[2013-05-06 22:19:59] request.ERROR: Uncaught PHP Exception Symfony\Component\HttpKernel\Exception\NotFoundHttpException: "No route found for "GET /bundles/framework/images/input_bg.gif"" at C:\xampp\htdocs\Symfony\app\cache\prod\classes.php line 3597 [] []
[2013-05-06 22:20:40] request.ERROR: Uncaught PHP Exception Symfony\Component\HttpKernel\Exception\NotFoundHttpException: "No route found for "GET /"" at C:\xampp\htdocs\Symfony\app\cache\prod\classes.php line 3597 [] []
[2013-05-06 22:20:52] request.ERROR: Uncaught PHP Exception Symfony\Component\HttpKernel\Exception\NotFoundHttpException: "No route found for "GET /"" at C:\xampp\htdocs\Symfony\app\cache\prod\classes.php line 3597 [] []
[2013-05-13 13:42:12] request.ERROR: Uncaught PHP Exception Symfony\Component\HttpKernel\Exception\NotFoundHttpException: "No route found for "GET /"" at C:\xampp\htdocs\Symfony\app\cache\prod\classes.php line 3597 [] []
[2013-05-13 13:42:39] request.ERROR: Uncaught PHP Exception Symfony\Component\HttpKernel\Exception\NotFoundHttpException: "No route found for "GET /"" at C:\xampp\htdocs\Symfony\app\cache\prod\classes.php line 3597 [] []
[2013-05-13 13:48:40] request.ERROR: Uncaught PHP Exception Symfony\Component\HttpKernel\Exception\NotFoundHttpException: "No route found for "GET /"" at C:\xampp\htdocs\Symfony\app\cache\prod\classes.php line 3597 [] []
[2013-05-13 13:48:55] request.ERROR: Uncaught PHP Exception Symfony\Component\HttpKernel\Exception\NotFoundHttpException: "No route found for "GET /hello"" at C:\xampp\htdocs\Symfony\app\cache\prod\classes.php line 3597 [] []
[2013-05-13 13:49:02] request.ERROR: Uncaught PHP Exception Symfony\Component\HttpKernel\Exception\NotFoundHttpException: "No route found for "GET /hello/karin"" at C:\xampp\htdocs\Symfony\app\cache\prod\classes.php line 3597 [] []
[2013-05-13 13:49:11] request.ERROR: Uncaught PHP Exception Symfony\Component\HttpKernel\Exception\NotFoundHttpException: "No route found for "GET /hello/karin"" at C:\xampp\htdocs\Symfony\app\cache\prod\classes.php line 3597 [] []
[2013-05-13 13:49:12] request.ERROR: Uncaught PHP Exception Symfony\Component\HttpKernel\Exception\NotFoundHttpException: "No route found for "GET /hello/karin"" at C:\xampp\htdocs\Symfony\app\cache\prod\classes.php line 3597 [] []
[2013-05-13 13:55:08] request.ERROR: Uncaught PHP Exception Symfony\Component\HttpKernel\Exception\NotFoundHttpException: "No route found for "GET /hello/karin"" at C:\xampp\htdocs\Symfony\app\cache\prod\classes.php line 3597 [] []
[2013-05-13 13:55:32] request.ERROR: Uncaught PHP Exception Symfony\Component\HttpKernel\Exception\NotFoundHttpException: "No route found for "GET /"" at C:\xampp\htdocs\Symfony\app\cache\prod\classes.php line 3597 [] []
[2013-05-13 13:57:14] request.ERROR: Uncaught PHP Exception Symfony\Component\HttpKernel\Exception\NotFoundHttpException: "No route found for "GET /"" at C:\xampp\htdocs\Symfony\app\cache\prod\classes.php line 3597 [] []
[2013-05-14 10:35:02] request.ERROR: Uncaught PHP Exception Symfony\Component\HttpKernel\Exception\NotFoundHttpException: "No route found for "GET /bundles/framework/images/input_bg.gif"" at C:\xampp\htdocs\Symfony\vendor\symfony\symfony\src\Symfony\Component\HttpKernel\EventListener\RouterListener.php line 94 [] []
[2013-05-14 10:36:24] request.ERROR: Uncaught PHP Exception Symfony\Component\HttpKernel\Exception\NotFoundHttpException: "No route found for "GET /bundles/framework/images/input_bg.gif"" at C:\xampp\htdocs\Symfony\app\cache\prod\classes.php line 3597 [] []
[2013-05-30 15:42:04] request.ERROR: Uncaught PHP Exception Symfony\Component\HttpKernel\Exception\NotFoundHttpException: "No route found for "GET /"" at C:\xampp\htdocs\Symfony\app\cache\prod\classes.php line 3597 [] []
[2013-05-30 15:42:04] request.ERROR: Exception thrown when handling an exception (Twig_Error_Loader: The "C:\xampp\htdocs\Symfony\src\Acme\HelloBundle/Resources/views" directory does not exist.) [] []
[2013-06-11 16:47:58] request.ERROR: Uncaught PHP Exception Symfony\Component\HttpKernel\Exception\NotFoundHttpException: "No route found for "GET /images/beach.jpg"" at C:\xampp\htdocs\Symfony\app\cache\prod\classes.php line 3597 [] []
[2013-06-11 16:47:58] request.ERROR: Exception thrown when handling an exception (Twig_Error_Loader: The "C:\xampp\htdocs\Symfony\src\Acme\HelloBundle/Resources/views" directory does not exist.) [] []
[2013-06-11 16:48:37] request.ERROR: Uncaught PHP Exception Symfony\Component\HttpKernel\Exception\NotFoundHttpException: "No route found for "GET /images/pool_leak.jpg"" at C:\xampp\htdocs\Symfony\app\cache\prod\classes.php line 3597 [] []
[2013-06-11 16:48:37] request.ERROR: Exception thrown when handling an exception (Twig_Error_Loader: The "C:\xampp\htdocs\Symfony\src\Acme\HelloBundle/Resources/views" directory does not exist.) [] []
[2013-06-11 16:51:59] request.ERROR: Uncaught PHP Exception Symfony\Component\HttpKernel\Exception\NotFoundHttpException: "No route found for "GET /images/pool_leak.jpg"" at C:\xampp\htdocs\Symfony\app\cache\prod\classes.php line 3597 [] []
[2013-06-11 16:51:59] request.ERROR: Exception thrown when handling an exception (Twig_Error_Loader: The "C:\xampp\htdocs\Symfony\src\Acme\HelloBundle/Resources/views" directory does not exist.) [] []
[2013-06-11 16:57:15] request.ERROR: Uncaught PHP Exception Symfony\Component\HttpKernel\Exception\NotFoundHttpException: "No route found for "GET /images/pool_leak.jpg"" at C:\xampp\htdocs\Symfony\app\cache\prod\classes.php line 3597 [] []
[2013-06-11 16:57:15] request.ERROR: Exception thrown when handling an exception (Twig_Error_Loader: The "C:\xampp\htdocs\Symfony\src\Acme\HelloBundle/Resources/views" directory does not exist.) [] []
[2013-06-11 16:57:23] request.ERROR: Uncaught PHP Exception Symfony\Component\HttpKernel\Exception\NotFoundHttpException: "No route found for "GET /images/pool_leak.jpg"" at C:\xampp\htdocs\Symfony\app\cache\prod\classes.php line 3597 [] []
[2013-06-11 16:57:23] request.ERROR: Exception thrown when handling an exception (Twig_Error_Loader: The "C:\xampp\htdocs\Symfony\src\Acme\HelloBundle/Resources/views" directory does not exist.) [] []
[2013-06-11 16:57:29] request.ERROR: Uncaught PHP Exception Symfony\Component\HttpKernel\Exception\NotFoundHttpException: "No route found for "GET /images/beach.jpg"" at C:\xampp\htdocs\Symfony\app\cache\prod\classes.php line 3597 [] []
[2013-06-11 16:57:29] request.ERROR: Exception thrown when handling an exception (Twig_Error_Loader: The "C:\xampp\htdocs\Symfony\src\Acme\HelloBundle/Resources/views" directory does not exist.) [] []
[2013-06-11 16:57:40] request.ERROR: Uncaught PHP Exception Symfony\Component\HttpKernel\Exception\NotFoundHttpException: "No route found for "GET /images/pool_leak.jpg"" at C:\xampp\htdocs\Symfony\app\cache\prod\classes.php line 3597 [] []
[2013-06-11 16:57:40] request.ERROR: Exception thrown when handling an exception (Twig_Error_Loader: The "C:\xampp\htdocs\Symfony\src\Acme\HelloBundle/Resources/views" directory does not exist.) [] []
[2013-06-11 16:57:48] request.ERROR: Uncaught PHP Exception Symfony\Component\HttpKernel\Exception\NotFoundHttpException: "No route found for "GET /images/misdirection.jpg"" at C:\xampp\htdocs\Symfony\app\cache\prod\classes.php line 3597 [] []
[2013-06-11 16:57:48] request.ERROR: Exception thrown when handling an exception (Twig_Error_Loader: The "C:\xampp\htdocs\Symfony\src\Acme\HelloBundle/Resources/views" directory does not exist.) [] []
[2013-06-11 17:03:36] request.ERROR: Uncaught PHP Exception Symfony\Component\HttpKernel\Exception\NotFoundHttpException: "No route found for "GET /images/misdirection.jpg"" at C:\xampp\htdocs\Symfony\app\cache\prod\classes.php line 3597 [] []
[2013-06-11 17:03:36] request.ERROR: Exception thrown when handling an exception (Twig_Error_Loader: The "C:\xampp\htdocs\Symfony\src\Acme\HelloBundle/Resources/views" directory does not exist.) [] []
[2013-06-11 17:07:53] request.ERROR: Uncaught PHP Exception Symfony\Component\HttpKernel\Exception\NotFoundHttpException: "No route found for "GET /images/the_grid.jpg"" at C:\xampp\htdocs\Symfony\app\cache\prod\classes.php line 3597 [] []
[2013-06-11 17:07:53] request.ERROR: Exception thrown when handling an exception (Twig_Error_Loader: The "C:\xampp\htdocs\Symfony\src\Acme\HelloBundle/Resources/views" directory does not exist.) [] []
[2013-06-11 17:07:53] request.ERROR: Uncaught PHP Exception Symfony\Component\HttpKernel\Exception\NotFoundHttpException: "No route found for "GET /images/pool_leak.jpg"" at C:\xampp\htdocs\Symfony\app\cache\prod\classes.php line 3597 [] []
[2013-06-11 17:07:53] request.ERROR: Uncaught PHP Exception Symfony\Component\HttpKernel\Exception\NotFoundHttpException: "No route found for "GET /images/misdirection.jpg"" at C:\xampp\htdocs\Symfony\app\cache\prod\classes.php line 3597 [] []
[2013-06-11 17:07:53] request.ERROR: Exception thrown when handling an exception (Twig_Error_Loader: The "C:\xampp\htdocs\Symfony\src\Acme\HelloBundle/Resources/views" directory does not exist.) [] []
[2013-06-11 17:07:53] request.ERROR: Exception thrown when handling an exception (Twig_Error_Loader: The "C:\xampp\htdocs\Symfony\src\Acme\HelloBundle/Resources/views" directory does not exist.) [] []
[2013-06-11 17:07:53] request.ERROR: Uncaught PHP Exception Symfony\Component\HttpKernel\Exception\NotFoundHttpException: "No route found for "GET /images/one_or_zero.jpg"" at C:\xampp\htdocs\Symfony\app\cache\prod\classes.php line 3597 [] []
[2013-06-11 17:07:53] request.ERROR: Exception thrown when handling an exception (Twig_Error_Loader: The "C:\xampp\htdocs\Symfony\src\Acme\HelloBundle/Resources/views" directory does not exist.) [] []
[2013-06-11 17:07:53] request.ERROR: Uncaught PHP Exception Symfony\Component\HttpKernel\Exception\NotFoundHttpException: "No route found for "GET /images/beach.jpg"" at C:\xampp\htdocs\Symfony\app\cache\prod\classes.php line 3597 [] []
[2013-06-11 17:07:53] request.ERROR: Exception thrown when handling an exception (Twig_Error_Loader: The "C:\xampp\htdocs\Symfony\src\Acme\HelloBundle/Resources/views" directory does not exist.) [] []
[2013-06-11 17:34:47] request.ERROR: Uncaught PHP Exception Symfony\Component\HttpKernel\Exception\NotFoundHttpException: "No route found for "GET /images/one_or_zero.jpg"" at C:\xampp\htdocs\Symfony\app\cache\prod\classes.php line 3597 [] []
[2013-06-11 17:34:47] request.ERROR: Uncaught PHP Exception Symfony\Component\HttpKernel\Exception\NotFoundHttpException: "No route found for "GET /images/beach.jpg"" at C:\xampp\htdocs\Symfony\app\cache\prod\classes.php line 3597 [] []
[2013-06-11 17:34:48] request.ERROR: Uncaught PHP Exception Symfony\Component\HttpKernel\Exception\NotFoundHttpException: "No route found for "GET /images/the_grid.jpg"" at C:\xampp\htdocs\Symfony\app\cache\prod\classes.php line 3597 [] []
[2013-06-11 17:34:48] request.ERROR: Uncaught PHP Exception Symfony\Component\HttpKernel\Exception\NotFoundHttpException: "No route found for "GET /images/pool_leak.jpg"" at C:\xampp\htdocs\Symfony\app\cache\prod\classes.php line 3597 [] []
[2013-06-11 17:34:48] request.ERROR: Uncaught PHP Exception Symfony\Component\HttpKernel\Exception\NotFoundHttpException: "No route found for "GET /images/misdirection.jpg"" at C:\xampp\htdocs\Symfony\app\cache\prod\classes.php line 3597 [] []
[2013-06-11 17:34:48] request.ERROR: Exception thrown when handling an exception (Twig_Error_Loader: The "C:\xampp\htdocs\Symfony\src\Acme\HelloBundle/Resources/views" directory does not exist.) [] []
[2013-06-11 17:34:48] request.ERROR: Exception thrown when handling an exception (Twig_Error_Loader: The "C:\xampp\htdocs\Symfony\src\Acme\HelloBundle/Resources/views" directory does not exist.) [] []
[2013-06-11 17:34:48] request.ERROR: Exception thrown when handling an exception (Twig_Error_Loader: The "C:\xampp\htdocs\Symfony\src\Acme\HelloBundle/Resources/views" directory does not exist.) [] []
[2013-06-11 17:34:48] request.ERROR: Exception thrown when handling an exception (Twig_Error_Loader: The "C:\xampp\htdocs\Symfony\src\Acme\HelloBundle/Resources/views" directory does not exist.) [] []
[2013-06-11 17:34:48] request.ERROR: Exception thrown when handling an exception (Twig_Error_Loader: The "C:\xampp\htdocs\Symfony\src\Acme\HelloBundle/Resources/views" directory does not exist.) [] []
[2013-06-12 10:41:11] request.ERROR: Uncaught PHP Exception Symfony\Component\HttpKernel\Exception\NotFoundHttpException: "No route found for "GET /images/misdirection.jpg"" at C:\xampp\htdocs\Symfony\app\cache\prod\classes.php line 3597 [] []
[2013-06-12 10:41:11] request.ERROR: Uncaught PHP Exception Symfony\Component\HttpKernel\Exception\NotFoundHttpException: "No route found for "GET /images/one_or_zero.jpg"" at C:\xampp\htdocs\Symfony\app\cache\prod\classes.php line 3597 [] []
[2013-06-12 10:41:11] request.ERROR: Uncaught PHP Exception Symfony\Component\HttpKernel\Exception\NotFoundHttpException: "No route found for "GET /images/pool_leak.jpg"" at C:\xampp\htdocs\Symfony\app\cache\prod\classes.php line 3597 [] []
[2013-06-12 10:41:11] request.ERROR: Uncaught PHP Exception Symfony\Component\HttpKernel\Exception\NotFoundHttpException: "No route found for "GET /images/beach.jpg"" at C:\xampp\htdocs\Symfony\app\cache\prod\classes.php line 3597 [] []
[2013-06-12 10:41:11] request.ERROR: Uncaught PHP Exception Symfony\Component\HttpKernel\Exception\NotFoundHttpException: "No route found for "GET /images/the_grid.jpg"" at C:\xampp\htdocs\Symfony\app\cache\prod\classes.php line 3597 [] []
[2013-06-12 10:41:12] request.ERROR: Exception thrown when handling an exception (Twig_Error_Loader: The "C:\xampp\htdocs\Symfony\src\Acme\HelloBundle/Resources/views" directory does not exist.) [] []
[2013-06-12 10:41:12] request.ERROR: Exception thrown when handling an exception (Twig_Error_Loader: The "C:\xampp\htdocs\Symfony\src\Acme\HelloBundle/Resources/views" directory does not exist.) [] []
[2013-06-12 10:41:12] request.ERROR: Exception thrown when handling an exception (Twig_Error_Loader: The "C:\xampp\htdocs\Symfony\src\Acme\HelloBundle/Resources/views" directory does not exist.) [] []
[2013-06-12 10:41:12] request.ERROR: Exception thrown when handling an exception (Twig_Error_Loader: The "C:\xampp\htdocs\Symfony\src\Acme\HelloBundle/Resources/views" directory does not exist.) [] []
[2013-06-12 10:41:12] request.ERROR: Exception thrown when handling an exception (Twig_Error_Loader: The "C:\xampp\htdocs\Symfony\src\Acme\HelloBundle/Resources/views" directory does not exist.) [] []
[2013-06-12 14:20:37] request.ERROR: Uncaught PHP Exception Symfony\Component\HttpKernel\Exception\NotFoundHttpException: "No route found for "GET /images/pool_leak.jpg"" at C:\xampp\htdocs\Symfony\app\cache\prod\classes.php line 3597 [] []
[2013-06-12 14:20:37] request.ERROR: Uncaught PHP Exception Symfony\Component\HttpKernel\Exception\NotFoundHttpException: "No route found for "GET /images/beach.jpg"" at C:\xampp\htdocs\Symfony\app\cache\prod\classes.php line 3597 [] []
[2013-06-12 14:20:37] request.ERROR: Uncaught PHP Exception Symfony\Component\HttpKernel\Exception\NotFoundHttpException: "No route found for "GET /images/misdirection.jpg"" at C:\xampp\htdocs\Symfony\app\cache\prod\classes.php line 3597 [] []
[2013-06-12 14:20:37] request.ERROR: Uncaught PHP Exception Symfony\Component\HttpKernel\Exception\NotFoundHttpException: "No route found for "GET /images/one_or_zero.jpg"" at C:\xampp\htdocs\Symfony\app\cache\prod\classes.php line 3597 [] []
[2013-06-12 14:20:37] request.ERROR: Uncaught PHP Exception Symfony\Component\HttpKernel\Exception\NotFoundHttpException: "No route found for "GET /images/the_grid.jpg"" at C:\xampp\htdocs\Symfony\app\cache\prod\classes.php line 3597 [] []
[2013-06-12 14:20:37] request.ERROR: Exception thrown when handling an exception (Twig_Error_Loader: The "C:\xampp\htdocs\Symfony\src\Acme\HelloBundle/Resources/views" directory does not exist.) [] []
[2013-06-12 14:20:37] request.ERROR: Exception thrown when handling an exception (Twig_Error_Loader: The "C:\xampp\htdocs\Symfony\src\Acme\HelloBundle/Resources/views" directory does not exist.) [] []
[2013-06-12 14:20:37] request.ERROR: Exception thrown when handling an exception (Twig_Error_Loader: The "C:\xampp\htdocs\Symfony\src\Acme\HelloBundle/Resources/views" directory does not exist.) [] []
[2013-06-12 14:20:37] request.ERROR: Exception thrown when handling an exception (Twig_Error_Loader: The "C:\xampp\htdocs\Symfony\src\Acme\HelloBundle/Resources/views" directory does not exist.) [] []
[2013-06-12 14:20:37] request.ERROR: Exception thrown when handling an exception (Twig_Error_Loader: The "C:\xampp\htdocs\Symfony\src\Acme\HelloBundle/Resources/views" directory does not exist.) [] []
[2013-06-12 14:23:09] request.ERROR: Uncaught PHP Exception Symfony\Component\HttpKernel\Exception\NotFoundHttpException: "No route found for "GET /images/one_or_zero.jpg"" at C:\xampp\htdocs\Symfony\app\cache\prod\classes.php line 3597 [] []
[2013-06-12 14:23:09] request.ERROR: Exception thrown when handling an exception (Twig_Error_Loader: The "C:\xampp\htdocs\Symfony\src\Acme\HelloBundle/Resources/views" directory does not exist.) [] []
[2013-06-12 14:23:09] request.ERROR: Uncaught PHP Exception Symfony\Component\HttpKernel\Exception\NotFoundHttpException: "No route found for "GET /images/the_grid.jpg"" at C:\xampp\htdocs\Symfony\app\cache\prod\classes.php line 3597 [] []
[2013-06-12 14:23:09] request.ERROR: Exception thrown when handling an exception (Twig_Error_Loader: The "C:\xampp\htdocs\Symfony\src\Acme\HelloBundle/Resources/views" directory does not exist.) [] []
[2013-06-12 14:23:09] request.ERROR: Uncaught PHP Exception Symfony\Component\HttpKernel\Exception\NotFoundHttpException: "No route found for "GET /images/misdirection.jpg"" at C:\xampp\htdocs\Symfony\app\cache\prod\classes.php line 3597 [] []
[2013-06-12 14:23:09] request.ERROR: Exception thrown when handling an exception (Twig_Error_Loader: The "C:\xampp\htdocs\Symfony\src\Acme\HelloBundle/Resources/views" directory does not exist.) [] []
[2013-06-12 14:23:09] request.ERROR: Uncaught PHP Exception Symfony\Component\HttpKernel\Exception\NotFoundHttpException: "No route found for "GET /images/pool_leak.jpg"" at C:\xampp\htdocs\Symfony\app\cache\prod\classes.php line 3597 [] []
[2013-06-12 14:23:09] request.ERROR: Exception thrown when handling an exception (Twig_Error_Loader: The "C:\xampp\htdocs\Symfony\src\Acme\HelloBundle/Resources/views" directory does not exist.) [] []
[2013-06-12 14:23:09] request.ERROR: Uncaught PHP Exception Symfony\Component\HttpKernel\Exception\NotFoundHttpException: "No route found for "GET /images/beach.jpg"" at C:\xampp\htdocs\Symfony\app\cache\prod\classes.php line 3597 [] []
[2013-06-12 14:23:09] request.ERROR: Exception thrown when handling an exception (Twig_Error_Loader: The "C:\xampp\htdocs\Symfony\src\Acme\HelloBundle/Resources/views" directory does not exist.) [] []
[2013-06-12 14:23:53] request.ERROR: Uncaught PHP Exception Symfony\Component\HttpKernel\Exception\NotFoundHttpException: "No route found for "GET /images/beach.jpg"" at C:\xampp\htdocs\Symfony\app\cache\prod\classes.php line 3597 [] []
[2013-06-12 14:23:53] request.ERROR: Exception thrown when handling an exception (Twig_Error_Loader: The "C:\xampp\htdocs\Symfony\src\Acme\HelloBundle/Resources/views" directory does not exist.) [] []
[2013-06-12 14:24:52] request.ERROR: Uncaught PHP Exception Symfony\Component\HttpKernel\Exception\NotFoundHttpException: "No route found for "GET /images/beach.jpg"" at C:\xampp\htdocs\Symfony\app\cache\prod\classes.php line 3597 [] []
[2013-06-12 14:24:52] request.ERROR: Exception thrown when handling an exception (Twig_Error_Loader: The "C:\xampp\htdocs\Symfony\src\Acme\HelloBundle/Resources/views" directory does not exist.) [] []
[2013-06-12 14:30:38] request.ERROR: Uncaught PHP Exception Symfony\Component\HttpKernel\Exception\NotFoundHttpException: "No route found for "GET /images/pool_leak.jpg"" at C:\xampp\htdocs\Symfony\app\cache\prod\classes.php line 3597 [] []
[2013-06-12 14:30:38] request.ERROR: Exception thrown when handling an exception (Twig_Error_Loader: The "C:\xampp\htdocs\Symfony\src\Acme\HelloBundle/Resources/views" directory does not exist.) [] []
[2013-06-12 15:30:33] request.ERROR: Uncaught PHP Exception Symfony\Component\HttpKernel\Exception\NotFoundHttpException: "No route found for "GET /images/pool_leak.jpg"" at C:\xampp\htdocs\Symfony\app\cache\prod\classes.php line 3597 [] []
[2013-06-12 15:30:33] request.ERROR: Exception thrown when handling an exception (Twig_Error_Loader: The "C:\xampp\htdocs\Symfony\src\Acme\HelloBundle/Resources/views" directory does not exist.) [] []
[2013-06-12 15:30:59] request.ERROR: Uncaught PHP Exception Symfony\Component\HttpKernel\Exception\NotFoundHttpException: "No route found for "GET /images/beach.jpg"" at C:\xampp\htdocs\Symfony\app\cache\prod\classes.php line 3597 [] []
[2013-06-12 15:30:59] request.ERROR: Exception thrown when handling an exception (Twig_Error_Loader: The "C:\xampp\htdocs\Symfony\src\Acme\HelloBundle/Resources/views" directory does not exist.) [] []
[2013-06-12 15:31:00] request.ERROR: Uncaught PHP Exception Symfony\Component\HttpKernel\Exception\NotFoundHttpException: "No route found for "GET /images/misdirection.jpg"" at C:\xampp\htdocs\Symfony\app\cache\prod\classes.php line 3597 [] []
[2013-06-12 15:31:00] request.ERROR: Exception thrown when handling an exception (Twig_Error_Loader: The "C:\xampp\htdocs\Symfony\src\Acme\HelloBundle/Resources/views" directory does not exist.) [] []
[2013-06-12 15:31:00] request.ERROR: Uncaught PHP Exception Symfony\Component\HttpKernel\Exception\NotFoundHttpException: "No route found for "GET /images/pool_leak.jpg"" at C:\xampp\htdocs\Symfony\app\cache\prod\classes.php line 3597 [] []
[2013-06-12 15:31:00] request.ERROR: Exception thrown when handling an exception (Twig_Error_Loader: The "C:\xampp\htdocs\Symfony\src\Acme\HelloBundle/Resources/views" directory does not exist.) [] []
[2013-06-12 15:31:00] request.ERROR: Uncaught PHP Exception Symfony\Component\HttpKernel\Exception\NotFoundHttpException: "No route found for "GET /images/the_grid.jpg"" at C:\xampp\htdocs\Symfony\app\cache\prod\classes.php line 3597 [] []
[2013-06-12 15:31:00] request.ERROR: Exception thrown when handling an exception (Twig_Error_Loader: The "C:\xampp\htdocs\Symfony\src\Acme\HelloBundle/Resources/views" directory does not exist.) [] []
[2013-06-12 15:31:00] request.ERROR: Uncaught PHP Exception Symfony\Component\HttpKernel\Exception\NotFoundHttpException: "No route found for "GET /images/one_or_zero.jpg"" at C:\xampp\htdocs\Symfony\app\cache\prod\classes.php line 3597 [] []
[2013-06-12 15:31:00] request.ERROR: Exception thrown when handling an exception (Twig_Error_Loader: The "C:\xampp\htdocs\Symfony\src\Acme\HelloBundle/Resources/views" directory does not exist.) [] []
[2013-06-12 15:31:09] request.ERROR: Uncaught PHP Exception Symfony\Component\HttpKernel\Exception\NotFoundHttpException: "No route found for "GET /images/beach.jpg"" at C:\xampp\htdocs\Symfony\app\cache\prod\classes.php line 3597 [] []
[2013-06-12 15:31:09] request.ERROR: Exception thrown when handling an exception (Twig_Error_Loader: The "C:\xampp\htdocs\Symfony\src\Acme\HelloBundle/Resources/views" directory does not exist.) [] []
[2013-06-12 15:44:30] request.ERROR: Uncaught PHP Exception Symfony\Component\HttpKernel\Exception\NotFoundHttpException: "No route found for "GET /images/beach.jpg"" at C:\xampp\htdocs\Symfony\app\cache\prod\classes.php line 3597 [] []
[2013-06-12 15:44:30] request.ERROR: Exception thrown when handling an exception (Twig_Error_Loader: The "C:\xampp\htdocs\Symfony\src\Acme\HelloBundle/Resources/views" directory does not exist.) [] []
[2013-06-12 15:46:10] request.ERROR: Uncaught PHP Exception Symfony\Component\HttpKernel\Exception\NotFoundHttpException: "No route found for "GET /images/beach.jpg"" at C:\xampp\htdocs\Symfony\app\cache\prod\classes.php line 3597 [] []
[2013-06-12 15:46:10] request.ERROR: Exception thrown when handling an exception (Twig_Error_Loader: The "C:\xampp\htdocs\Symfony\src\Acme\HelloBundle/Resources/views" directory does not exist.) [] []
[2013-06-12 15:48:52] request.ERROR: Uncaught PHP Exception Symfony\Component\HttpKernel\Exception\NotFoundHttpException: "No route found for "GET /images/beach.jpg"" at C:\xampp\htdocs\Symfony\app\cache\prod\classes.php line 3597 [] []
[2013-06-12 15:48:52] request.ERROR: Exception thrown when handling an exception (Twig_Error_Loader: The "C:\xampp\htdocs\Symfony\src\Acme\HelloBundle/Resources/views" directory does not exist.) [] []
[2013-06-12 15:50:07] request.ERROR: Uncaught PHP Exception Symfony\Component\HttpKernel\Exception\NotFoundHttpException: "No route found for "GET /images/beach.jpg"" at C:\xampp\htdocs\Symfony\app\cache\prod\classes.php line 3597 [] []
[2013-06-12 15:50:07] request.ERROR: Exception thrown when handling an exception (Twig_Error_Loader: The "C:\xampp\htdocs\Symfony\src\Acme\HelloBundle/Resources/views" directory does not exist.) [] []
[2013-06-12 15:55:05] request.ERROR: Uncaught PHP Exception Symfony\Component\HttpKernel\Exception\NotFoundHttpException: "No route found for "GET /images/beach.jpg"" at C:\xampp\htdocs\Symfony\app\cache\prod\classes.php line 3597 [] []
[2013-06-12 15:55:05] request.ERROR: Exception thrown when handling an exception (Twig_Error_Loader: The "C:\xampp\htdocs\Symfony\src\Acme\HelloBundle/Resources/views" directory does not exist.) [] []
[2013-06-12 15:55:18] request.ERROR: Uncaught PHP Exception Symfony\Component\HttpKernel\Exception\NotFoundHttpException: "No route found for "GET /images/beach.jpg"" at C:\xampp\htdocs\Symfony\app\cache\prod\classes.php line 3597 [] []
[2013-06-12 15:55:18] request.ERROR: Exception thrown when handling an exception (Twig_Error_Loader: The "C:\xampp\htdocs\Symfony\src\Acme\HelloBundle/Resources/views" directory does not exist.) [] []
[2013-06-12 16:40:40] request.ERROR: Uncaught PHP Exception Symfony\Component\HttpKernel\Exception\NotFoundHttpException: "No route found for "GET /images/pool_leak.jpg"" at C:\xampp\htdocs\Symfony\app\cache\prod\classes.php line 3597 [] []
[]
[2013-06-12 16:40:40] request.ERROR: Uncaught PHP Exception Symfony\Component\HttpKernel\Exception\NotFoundHttpException: "No route found for "GET /images/the_grid.jpg"" at C:\xampp\htdocs\Symfony\app\cache\prod\classes.php line 3597 [] []
[2013-06-12 16:40:40] request.ERROR: Uncaught PHP Exception Symfony\Component\HttpKernel\Exception\NotFoundHttpException: "No route found for "GET /images/one_or_zero.jpg"" at C:\xampp\htdocs\Symfony\app\cache\prod\classes.php line 3597 [] []
[2013-06-12 16:40:41] request.ERROR: Exception thrown when handling an exception (Twig_Error_Loader: The "C:\xampp\htdocs\Symfony\src\Acme\HelloBundle/Resources/views" directory does not exist.) [] []
[2013-06-12 16:40:41] request.ERROR: Exception thrown when handling an exception (Twig_Error_Loader: The "C:\xampp\htdocs\Symfony\src\Acme\HelloBundle/Resources/views" directory does not exist.) [] []
[2013-06-12 16:40:41] request.ERROR: Exception thrown when handling an exception (Twig_Error_Loader: The "C:\xampp\htdocs\Symfony\src\Acme\HelloBundle/Resources/views" directory does not exist.) [] []
[2013-06-12 16:40:41] request.ERROR: Exception thrown when handling an exception (Twig_Error_Loader: The "C:\xampp\htdocs\Symfony\src\Acme\HelloBundle/Resources/views" directory does not exist.) [] []
[2013-06-12 16:40:41] request.ERROR: Exception thrown when handling an exception (Twig_Error_Loader: The "C:\xampp\htdocs\Symfony\src\Acme\HelloBundle/Resources/views" directory does not exist.) [] []
[2013-06-12 16:54:44] request.ERROR: Uncaught PHP Exception Symfony\Component\HttpKernel\Exception\NotFoundHttpException: "No route found for "GET /images/the_grid.jpg"" at C:\xampp\htdocs\Symfony\app\cache\prod\classes.php line 3597 [] []
[2013-06-12 16:54:44] request.ERROR: Exception thrown when handling an exception (Twig_Error_Loader: The "C:\xampp\htdocs\Symfony\src\Acme\HelloBundle/Resources/views" directory does not exist.) [] []
[2013-06-12 16:54:44] request.ERROR: Uncaught PHP Exception Symfony\Component\HttpKernel\Exception\NotFoundHttpException: "No route found for "GET /images/beach.jpg"" at C:\xampp\htdocs\Symfony\app\cache\prod\classes.php line 3597 [] []
[2013-06-12 16:54:44] request.ERROR: Uncaught PHP Exception Symfony\Component\HttpKernel\Exception\NotFoundHttpException: "No route found for "GET /images/one_or_zero.jpg"" at C:\xampp\htdocs\Symfony\app\cache\prod\classes.php line 3597 [] []
[2013-06-12 16:54:45] request.ERROR: Exception thrown when handling an exception (Twig_Error_Loader: The "C:\xampp\htdocs\Symfony\src\Acme\HelloBundle/Resources/views" directory does not exist.) [] []
[2013-06-12 16:54:45] request.ERROR: Uncaught PHP Exception Symfony\Component\HttpKernel\Exception\NotFoundHttpException: "No route found for "GET /images/misdirection.jpg"" at C:\xampp\htdocs\Symfony\app\cache\prod\classes.php line 3597 [] []
[2013-06-12 16:54:45] request.ERROR: Exception thrown when handling an exception (Twig_Error_Loader: The "C:\xampp\htdocs\Symfony\src\Acme\HelloBundle/Resources/views" directory does not exist.) [] []
[2013-06-12 16:54:45] request.ERROR: Uncaught PHP Exception Symfony\Component\HttpKernel\Exception\NotFoundHttpException: "No route found for "GET /images/pool_leak.jpg"" at C:\xampp\htdocs\Symfony\app\cache\prod\classes.php line 3597 [] []
[2013-06-12 16:54:45] request.ERROR: Exception thrown when handling an exception (Twig_Error_Loader: The "C:\xampp\htdocs\Symfony\src\Acme\HelloBundle/Resources/views" directory does not exist.) [] []
[2013-06-12 16:54:45] request.ERROR: Exception thrown when handling an exception (Twig_Error_Loader: The "C:\xampp\htdocs\Symfony\src\Acme\HelloBundle/Resources/views" directory does not exist.) [] []
[2013-06-12 16:54:50] request.ERROR: Uncaught PHP Exception Symfony\Component\HttpKernel\Exception\NotFoundHttpException: "No route found for "GET /images/beach.jpg"" at C:\xampp\htdocs\Symfony\app\cache\prod\classes.php line 3597 [] []
[2013-06-12 16:54:50] request.ERROR: Exception thrown when handling an exception (Twig_Error_Loader: The "C:\xampp\htdocs\Symfony\src\Acme\HelloBundle/Resources/views" directory does not exist.) [] []
[2013-06-12 17:00:03] request.ERROR: Uncaught PHP Exception Symfony\Component\HttpKernel\Exception\NotFoundHttpException: "No route found for "GET /images/beach.jpg"" at C:\xampp\htdocs\Symfony\app\cache\prod\classes.php line 3597 [] []
[2013-06-12 17:00:03] request.ERROR: Exception thrown when handling an exception (Twig_Error_Loader: The "C:\xampp\htdocs\Symfony\src\Acme\HelloBundle/Resources/views" directory does not exist.) [] []
[2013-06-12 17:00:09] request.ERROR: Uncaught PHP Exception Symfony\Component\HttpKernel\Exception\NotFoundHttpException: "No route found for "GET /images/beach.jpg"" at C:\xampp\htdocs\Symfony\app\cache\prod\classes.php line 3597 [] []
[2013-06-12 17:00:10] request.ERROR: Exception thrown when handling an exception (Twig_Error_Loader: The "C:\xampp\htdocs\Symfony\src\Acme\HelloBundle/Resources/views" directory does not exist.) [] []
[2013-06-12 17:00:10] request.ERROR: Uncaught PHP Exception Symfony\Component\HttpKernel\Exception\NotFoundHttpException: "No route found for "GET /images/one_or_zero.jpg"" at C:\xampp\htdocs\Symfony\app\cache\prod\classes.php line 3597 [] []
[2013-06-12 17:00:10] request.ERROR: Exception thrown when handling an exception (Twig_Error_Loader: The "C:\xampp\htdocs\Symfony\src\Acme\HelloBundle/Resources/views" directory does not exist.) [] []
[2013-06-12 17:00:10] request.ERROR: Uncaught PHP Exception Symfony\Component\HttpKernel\Exception\NotFoundHttpException: "No route found for "GET /images/the_grid.jpg"" at C:\xampp\htdocs\Symfony\app\cache\prod\classes.php line 3597 [] []
[2013-06-12 17:00:10] request.ERROR: Uncaught PHP Exception Symfony\Component\HttpKernel\Exception\NotFoundHttpException: "No route found for "GET /images/misdirection.jpg"" at C:\xampp\htdocs\Symfony\app\cache\prod\classes.php line 3597 [] []
[2013-06-12 17:00:10] request.ERROR: Uncaught PHP Exception Symfony\Component\HttpKernel\Exception\NotFoundHttpException: "No route found for "GET /images/pool_leak.jpg"" at C:\xampp\htdocs\Symfony\app\cache\prod\classes.php line 3597 [] []
[2013-06-12 17:00:10] request.ERROR: Exception thrown when handling an exception (Twig_Error_Loader: The "C:\xampp\htdocs\Symfony\src\Acme\HelloBundle/Resources/views" directory does not exist.) [] []
[2013-06-12 17:00:10] request.ERROR: Exception thrown when handling an exception (Twig_Error_Loader: The "C:\xampp\htdocs\Symfony\src\Acme\HelloBundle/Resources/views" directory does not exist.) [] []
[2013-06-12 17:00:10] request.ERROR: Exception thrown when handling an exception (Twig_Error_Loader: The "C:\xampp\htdocs\Symfony\src\Acme\HelloBundle/Resources/views" directory does not exist.) [] []
[2013-06-12 17:03:22] request.ERROR: Uncaught PHP Exception Symfony\Component\HttpKernel\Exception\NotFoundHttpException: "No route found for "GET /images/the_grid.jpg"" at C:\xampp\htdocs\Symfony\app\cache\prod\classes.php line 3597 [] []
[2013-06-12 17:03:22] request.ERROR: Exception thrown when handling an exception (Twig_Error_Loader: The "C:\xampp\htdocs\Symfony\src\Acme\HelloBundle/Resources/views" directory does not exist.) [] []
[2013-06-12 17:03:22] request.ERROR: Uncaught PHP Exception Symfony\Component\HttpKernel\Exception\NotFoundHttpException: "No route found for "GET /images/beach.jpg"" at C:\xampp\htdocs\Symfony\app\cache\prod\classes.php line 3597 [] []
[2013-06-12 17:03:22] request.ERROR: Uncaught PHP Exception Symfony\Component\HttpKernel\Exception\NotFoundHttpException: "No route found for "GET /images/pool_leak.jpg"" at C:\xampp\htdocs\Symfony\app\cache\prod\classes.php line 3597 [] []
[2013-06-12 17:03:22] request.ERROR: Uncaught PHP Exception Symfony\Component\HttpKernel\Exception\NotFoundHttpException: "No route found for "GET /images/misdirection.jpg"" at C:\xampp\htdocs\Symfony\app\cache\prod\classes.php line 3597 [] []
[2013-06-12 17:03:22] request.ERROR: Exception thrown when handling an exception (Twig_Error_Loader: The "C:\xampp\htdocs\Symfony\src\Acme\HelloBundle/Resources/views" directory does not exist.) [] []
[2013-06-12 17:03:22] request.ERROR: Exception thrown when handling an exception (Twig_Error_Loader: The "C:\xampp\htdocs\Symfony\src\Acme\HelloBundle/Resources/views" directory does not exist.) [] []
[2013-06-12 17:03:22] request.ERROR: Exception thrown when handling an exception (Twig_Error_Loader: The "C:\xampp\htdocs\Symfony\src\Acme\HelloBundle/Resources/views" directory does not exist.) [] []
[2013-06-12 17:03:22] request.ERROR: Uncaught PHP Exception Symfony\Component\HttpKernel\Exception\NotFoundHttpException: "No route found for "GET /images/one_or_zero.jpg"" at C:\xampp\htdocs\Symfony\app\cache\prod\classes.php line 3597 [] []
[2013-06-12 17:03:22] request.ERROR: Exception thrown when handling an exception (Twig_Error_Loader: The "C:\xampp\htdocs\Symfony\src\Acme\HelloBundle/Resources/views" directory does not exist.) [] []
[2013-06-12 17:03:26] request.ERROR: Uncaught PHP Exception Symfony\Component\HttpKernel\Exception\NotFoundHttpException: "No route found for "GET /images/misdirection.jpg"" at C:\xampp\htdocs\Symfony\app\cache\prod\classes.php line 3597 [] []
[2013-06-12 17:03:26] request.ERROR: Exception thrown when handling an exception (Twig_Error_Loader: The "C:\xampp\htdocs\Symfony\src\Acme\HelloBundle/Resources/views" directory does not exist.) [] []
[2013-06-12 17:15:13] request.ERROR: Uncaught PHP Exception Symfony\Component\HttpKernel\Exception\NotFoundHttpException: "No route found for "GET /images/misdirection.jpg"" at C:\xampp\htdocs\Symfony\app\cache\prod\classes.php line 3597 [] []
[2013-06-12 17:15:13] request.ERROR: Exception thrown when handling an exception (Twig_Error_Loader: The "C:\xampp\htdocs\Symfony\src\Acme\HelloBundle/Resources/views" directory does not exist.) [] []
[2013-06-12 17:17:41] request.ERROR: Uncaught PHP Exception Symfony\Component\HttpKernel\Exception\NotFoundHttpException: "No route found for "GET /images/misdirection.jpg"" at C:\xampp\htdocs\Symfony\app\cache\prod\classes.php line 3597 [] []
[2013-06-12 17:17:41] request.ERROR: Exception thrown when handling an exception (Twig_Error_Loader: The "C:\xampp\htdocs\Symfony\src\Acme\HelloBundle/Resources/views" directory does not exist.) [] []
[2013-06-13 09:32:39] request.ERROR: Uncaught PHP Exception Symfony\Component\HttpKernel\Exception\NotFoundHttpException: "No route found for "GET /images/misdirection.jpg"" at C:\xampp\htdocs\Symfony\app\cache\prod\classes.php line 3597 [][201[2013-06-13 09:32:39] request.ERROR: Uncaught PHP Exception Symfony\Component\HttpKernel\Exception\NotFoundHttpException: "No route found for "GET /images/beach.jpg"" at C:\xampp\htdocs\Symfony\app\cache\prod\classes.php line 3597 [] []
]
[2013-06-13 09:32:40] request.ERROR: Exception thrown when handling an exception (Twig_Error_Loader: The "C:\xampp\htdocs\Symfony\src\Acme\HelloBundle/Resources/views" directory does not exist.) [] []
[2013-06-13 09:32:40] request.ERROR: Exception thrown when handling an exception (Twig_Error_Loader: The "C:\xampp\htdocs\Symfony\src\Acme\HelloBundle/Resources/views" directory does not exist.) [] []
[2013-06-13 09:32:40] request.ERROR: Exception thrown when handling an exception (Twig_Error_Loader: The "C:\xampp\htdocs\Symfony\src\Acme\HelloBundle/Resources/views" directory does not exist.) [] []
[2013-06-13 09:32:40] request.ERROR: Exception thrown when handling an exception (Twig_Error_Loader: The "C:\xampp\htdocs\Symfony\src\Acme\HelloBundle/Resources/views" directory does not exist.) [] []
[2013-06-13 09:32:40] request.ERROR: Exception thrown when handling an exception (Twig_Error_Loader: The "C:\xampp\htdocs\Symfony\src\Acme\HelloBundle/Resources/views" directory does not exist.) [] []
[2013-06-13 10:46:34] request.ERROR: Uncaught PHP Exception Symfony\Component\HttpKernel\Exception\NotFoundHttpException: "No route found for "GET /images/beach.jpg"" at C:\xampp\htdocs\Symfony\app\cache\prod\classes.php line 3597 [] []
[2013-06-13 10:46:34] request.ERROR: Uncaught PHP Exception Symfony\Component\HttpKernel\Exception\NotFoundHttpException: "No route found for "GET /images/one_or_zero.jpg"" at C:\xampp\htdocs\Symfony\app\cache\prod\classes.php line 3597 [] []
[2013-06-13 10:46:34] request.ERROR: Uncaught PHP Exception Symfony\Component\HttpKernel\Exception\NotFoundHttpException: "No route found for "GET /images/pool_leak.jpg"" at C:\xampp\htdocs\Symfony\app\cache\prod\classes.php line 3597 [] []
[2013-06-13 10:46:34] request.ERROR: Exception thrown when handling an exception (Twig_Error_Loader: The "C:\xampp\htdocs\Symfony\src\Acme\HelloBundle/Resources/views" directory does not exist.) [] []
[2013-06-13 10:46:34] request.ERROR: Exception thrown when handling an exception (Twig_Error_Loader: The "C:\xampp\htdocs\Symfony\src\Acme\HelloBundle/Resources/views" directory does not exist.) [] []
[2013-06-13 10:46:34] request.ERROR: Uncaught PHP Exception Symfony\Component\HttpKernel\Exception\NotFoundHttpException: "No route found for "GET /images/the_grid.jpg"" at C:\xampp\htdocs\Symfony\app\cache\prod\classes.php line 3597 [] []
[2013-06-13 10:46:34] request.ERROR: Exception thrown when handling an exception (Twig_Error_Loader: The "C:\xampp\htdocs\Symfony\src\Acme\HelloBundle/Resources/views" directory does not exist.) [] []
[2013-06-13 10:46:34] request.ERROR: Uncaught PHP Exception Symfony\Component\HttpKernel\Exception\NotFoundHttpException: "No route found for "GET /images/misdirection.jpg"" at C:\xampp\htdocs\Symfony\app\cache\prod\classes.php line 3597 [] []
[2013-06-13 10:46:34] request.ERROR: Exception thrown when handling an exception (Twig_Error_Loader: The "C:\xampp\htdocs\Symfony\src\Acme\HelloBundle/Resources/views" directory does not exist.) [] []
[2013-06-13 10:46:34] request.ERROR: Exception thrown when handling an exception (Twig_Error_Loader: The "C:\xampp\htdocs\Symfony\src\Acme\HelloBundle/Resources/views" directory does not exist.) [] []
